2025-08-13 22:25:53,085 - root - INFO - Logging configured - level: INFO, file: /data/logs/app.log
2025-08-13 22:25:53,092 - root - INFO - Stage 6 pipeline workers started (2x)
2025-08-13 22:25:53,092 - root - INFO - Pipeline worker started
2025-08-13 22:25:53,093 - root - INFO - Pipeline worker started
2025-08-13 22:27:38,126 - root - INFO - Shutting down pipeline workers
2025-08-13 22:27:53,274 - root - INFO - Logging configured - level: INFO, file: /data/logs/app.log
2025-08-13 22:27:53,281 - root - INFO - Stage 6 pipeline workers started (2x)
2025-08-13 22:27:53,281 - root - INFO - Pipeline worker started
2025-08-13 22:27:53,281 - root - INFO - Pipeline worker started
2025-08-13 22:29:41,180 - root - INFO - Shutting down pipeline workers
2025-08-13 22:29:46,434 - root - INFO - Logging configured - level: INFO, file: /data/logs/app.log
2025-08-13 22:29:46,441 - root - INFO - Stage 6 pipeline workers started (2x)
2025-08-13 22:29:46,441 - root - INFO - Pipeline worker started
2025-08-13 22:29:46,441 - root - INFO - Pipeline worker started
2025-08-13 22:30:06,246 - root - INFO - Shutting down pipeline workers
2025-08-13 22:30:07,658 - root - INFO - Logging configured - level: INFO, file: /data/logs/app.log
2025-08-13 22:30:07,666 - root - INFO - Stage 6 pipeline workers started (2x)
2025-08-13 22:30:07,666 - root - INFO - Pipeline worker started
2025-08-13 22:30:07,666 - root - INFO - Pipeline worker started
2025-08-13 22:31:37,538 - root - INFO - Shutting down pipeline workers
2025-08-13 22:31:38,849 - root - INFO - Logging configured - level: INFO, file: /data/logs/app.log
2025-08-13 22:31:38,855 - root - INFO - Stage 6 pipeline workers started (2x)
2025-08-13 22:31:38,856 - root - INFO - Pipeline worker started
2025-08-13 22:31:38,856 - root - INFO - Pipeline worker started
2025-08-13 22:31:52,107 - root - INFO - Logging configured - level: INFO, file: /data/logs/app.log
2025-08-13 22:32:10,374 - root - INFO - Shutting down pipeline workers
2025-08-13 22:32:11,752 - root - INFO - Logging configured - level: INFO, file: /data/logs/app.log
2025-08-13 22:32:12,530 - root - INFO - Logging configured - level: INFO, file: /data/logs/app.log
2025-08-13 22:32:13,417 - root - INFO - Logging configured - level: INFO, file: /data/logs/app.log
2025-08-13 22:32:14,558 - root - INFO - Logging configured - level: INFO, file: /data/logs/app.log
2025-08-13 22:32:16,091 - root - INFO - Logging configured - level: INFO, file: /data/logs/app.log
2025-08-13 22:32:18,523 - root - INFO - Logging configured - level: INFO, file: /data/logs/app.log
2025-08-13 22:32:22,550 - root - INFO - Logging configured - level: INFO, file: /data/logs/app.log
2025-08-13 22:32:29,742 - root - INFO - Logging configured - level: INFO, file: /data/logs/app.log
2025-08-13 22:32:36,452 - root - INFO - Logging configured - level: INFO, file: /data/logs/app.log
2025-08-13 22:32:36,459 - root - INFO - Stage 6 pipeline workers started (2x)
2025-08-13 22:32:36,459 - root - INFO - Metrics ticker started
2025-08-13 22:32:36,459 - root - INFO - Pipeline worker started
2025-08-13 22:32:36,459 - root - INFO - Pipeline worker started
2025-08-13 22:32:56,904 - root - INFO - Logging configured - level: INFO, file: /data/logs/app.log
2025-08-13 22:33:24,408 - root - INFO - Shutting down pipeline workers
2025-08-13 22:33:25,691 - root - INFO - Logging configured - level: INFO, file: /data/logs/app.log
2025-08-13 22:33:25,698 - root - INFO - Stage 6 pipeline workers started (2x)
2025-08-13 22:33:25,698 - root - INFO - Metrics ticker started
2025-08-13 22:33:25,698 - root - INFO - Pipeline worker started
2025-08-13 22:33:25,698 - root - INFO - Pipeline worker started
2025-08-13 22:37:27,738 - root - INFO - Shutting down pipeline workers
2025-08-13 22:37:29,040 - root - INFO - Logging configured - level: INFO, file: /data/logs/app.log
2025-08-13 22:37:29,046 - root - INFO - Stage 6 pipeline workers started (2x)
2025-08-13 22:37:29,046 - root - INFO - Metrics ticker started
2025-08-13 22:37:29,046 - root - INFO - Pipeline worker started
2025-08-13 22:37:29,047 - root - INFO - Pipeline worker started
2025-08-13 22:38:57,262 - root - INFO - Shutting down pipeline workers
2025-08-13 22:38:58,660 - root - INFO - Logging configured - level: INFO, file: /data/logs/app.log
2025-08-13 22:38:58,666 - root - INFO - Stage 6 pipeline workers started (2x)
2025-08-13 22:38:58,666 - root - INFO - Metrics ticker started
2025-08-13 22:38:58,666 - root - INFO - Pipeline worker started
2025-08-13 22:38:58,666 - root - INFO - Pipeline worker started
